d:\study\6 sem\os\семестр\4. com + clsid\excel\consoleapplication1\debug\consoleapplication1.pch
d:\study\6 sem\os\семестр\4. com + clsid\excel\consoleapplication1\debug\vc140.pdb
d:\study\6 sem\os\семестр\4. com + clsid\excel\consoleapplication1\debug\vc140.idb
d:\study\6 sem\os\семестр\4. com + clsid\excel\consoleapplication1\debug\stdafx.obj
d:\study\6 sem\os\семестр\4. com + clsid\excel\consoleapplication1\debug\vc141.pdb
d:\study\6 sem\os\семестр\4. com + clsid\excel\consoleapplication1\debug\vc141.idb
d:\study\6 sem\os\семестр\4. com + clsid\excel\consoleapplication1\debug\consoleapplication1.obj
d:\study\6 sem\os\семестр\4. com + clsid\excel\debug\consoleapplication1.lib
d:\study\6 sem\os\семестр\4. com + clsid\excel\debug\consoleapplication1.exp
d:\study\6 sem\os\семестр\4. com + clsid\excel\debug\consoleapplication1.ilk
d:\study\6 sem\os\семестр\4. com + clsid\excel\debug\consoleapplication1.exe
d:\study\6 sem\os\семестр\4. com + clsid\excel\debug\consoleapplication1.pdb
d:\pidarok\системное программирование\семестр\4. com + clsid\excel\consoleapplication1\debug\consoleapplication1.obj
d:\pidarok\системное программирование\семестр\4. com + clsid\excel\consoleapplication1\debug\stdafx.obj
d:\pidarok\системное программирование\семестр\4. com + clsid\excel\consoleapplication1\debug\consoleapplication1.pch
d:\pidarok\системное программирование\семестр\4. com + clsid\excel\consoleapplication1\debug\vc140.idb
d:\pidarok\системное программирование\семестр\4. com + clsid\excel\consoleapplication1\debug\vc141.idb
d:\pidarok\системное программирование\семестр\4. com + clsid\excel\consoleapplication1\debug\vc140.pdb
d:\pidarok\системное программирование\семестр\4. com + clsid\excel\consoleapplication1\debug\vc141.pdb
d:\pidarok\системное программирование\семестр\4. com + clsid\excel\debug\consoleapplication1.pdb
d:\pidarok\системное программирование\семестр\4. com + clsid\excel\debug\consoleapplication1.exe
d:\pidarok\системное программирование\семестр\4. com + clsid\excel\debug\consoleapplication1.ilk
d:\pidarok\системное программирование\семестр\4. com + clsid\excel\consoleapplication1\debug\consolea.c308f806.tlog\cl.command.1.tlog
d:\pidarok\системное программирование\семестр\4. com + clsid\excel\consoleapplication1\debug\consolea.c308f806.tlog\cl.read.1.tlog
d:\pidarok\системное программирование\семестр\4. com + clsid\excel\consoleapplication1\debug\consolea.c308f806.tlog\cl.write.1.tlog
d:\pidarok\системное программирование\семестр\4. com + clsid\excel\consoleapplication1\debug\consolea.c308f806.tlog\consoleapplication1.write.1u.tlog
d:\pidarok\системное программирование\семестр\4. com + clsid\excel\consoleapplication1\debug\consolea.c308f806.tlog\link.command.1.tlog
d:\pidarok\системное программирование\семестр\4. com + clsid\excel\consoleapplication1\debug\consolea.c308f806.tlog\link.delete.1.tlog
d:\pidarok\системное программирование\семестр\4. com + clsid\excel\consoleapplication1\debug\consolea.c308f806.tlog\link.read.1.tlog
d:\pidarok\системное программирование\семестр\4. com + clsid\excel\consoleapplication1\debug\consolea.c308f806.tlog\link.write.1.tlog
