d:\учеба\3 курс\системное программирование\lr3\activexcpp2\debug\activexcpp2.lib
d:\учеба\3 курс\системное программирование\lr3\activexcpp2\debug\activexcpp2.exp
d:\учеба\3 курс\системное программирование\lr3\activexcpp2\activexcpp2\debug\activexcpp2.pch
d:\учеба\3 курс\системное программирование\lr3\activexcpp2\activexcpp2\debug\vc140.pdb
d:\учеба\3 курс\системное программирование\lr3\activexcpp2\activexcpp2\debug\vc140.idb
d:\учеба\3 курс\системное программирование\lr3\activexcpp2\activexcpp2\debug\stdafx.obj
d:\учеба\3 курс\системное программирование\lr3\activexcpp2\activexcpp2\debug\activexcpp2.obj
d:\учеба\3 курс\системное программирование\lr3\activexcpp2\activexcpp2\debug\activexcpp2ctrl.obj
d:\учеба\3 курс\системное программирование\lr3\activexcpp2\activexcpp2\debug\activexcpp2proppage.obj
d:\учеба\3 курс\системное программирование\lr3\activexcpp2\debug\activexcpp2.ilk
d:\учеба\3 курс\системное программирование\lr3\activexcpp2\debug\activexcpp2.ocx
d:\учеба\3 курс\системное программирование\lr3\activexcpp2\debug\activexcpp2.pdb
d:\учеба\3 курс\системное программирование\lr3\activexcpp2\activexcpp2\debug\activexcpp2.tlb
d:\учеба\3 курс\системное программирование\lr3\activexcpp2\activexcpp2\activexcpp2_i.c
d:\учеба\3 курс\системное программирование\lr3\activexcpp2\activexcpp2\activexcpp2idl.h
d:\учеба\3 курс\системное программирование\lr3\activexcpp2\activexcpp2\debug\activexcpp2.res
d:\учеба\3 курс\системное программирование\lr3\activexcpp2\activexcpp2\debug\activexcpp2.tlog\activexcpp2.write.1u.tlog
d:\учеба\3 курс\системное программирование\lr3\activexcpp2\activexcpp2\debug\activexcpp2.tlog\cl.command.1.tlog
d:\учеба\3 курс\системное программирование\lr3\activexcpp2\activexcpp2\debug\activexcpp2.tlog\cl.read.1.tlog
d:\учеба\3 курс\системное программирование\lr3\activexcpp2\activexcpp2\debug\activexcpp2.tlog\cl.write.1.tlog
d:\учеба\3 курс\системное программирование\lr3\activexcpp2\activexcpp2\debug\activexcpp2.tlog\link.command.1.tlog
d:\учеба\3 курс\системное программирование\lr3\activexcpp2\activexcpp2\debug\activexcpp2.tlog\link.read.1.tlog
d:\учеба\3 курс\системное программирование\lr3\activexcpp2\activexcpp2\debug\activexcpp2.tlog\link.write.1.tlog
d:\учеба\3 курс\системное программирование\lr3\activexcpp2\activexcpp2\debug\activexcpp2.tlog\midl.command.1.tlog
d:\учеба\3 курс\системное программирование\lr3\activexcpp2\activexcpp2\debug\activexcpp2.tlog\midl.read.1.tlog
d:\учеба\3 курс\системное программирование\lr3\activexcpp2\activexcpp2\debug\activexcpp2.tlog\midl.write.1.tlog
d:\учеба\3 курс\системное программирование\lr3\activexcpp2\activexcpp2\debug\activexcpp2.tlog\rc.command.1.tlog
d:\учеба\3 курс\системное программирование\lr3\activexcpp2\activexcpp2\debug\activexcpp2.tlog\rc.read.1.tlog
d:\учеба\3 курс\системное программирование\lr3\activexcpp2\activexcpp2\debug\activexcpp2.tlog\rc.write.1.tlog
