d:\учеба\3 курс\системное программирование\lr3\mfcactivexcontrol1\mfcactivexcontrol1\debug\mfcactivexcontrol1.pch
d:\учеба\3 курс\системное программирование\lr3\mfcactivexcontrol1\mfcactivexcontrol1\debug\vc140.pdb
d:\учеба\3 курс\системное программирование\lr3\mfcactivexcontrol1\mfcactivexcontrol1\debug\vc140.idb
d:\учеба\3 курс\системное программирование\lr3\mfcactivexcontrol1\mfcactivexcontrol1\debug\stdafx.obj
d:\учеба\3 курс\системное программирование\lr3\mfcactivexcontrol1\mfcactivexcontrol1\debug\mfcactivexcontrol1.obj
d:\учеба\3 курс\системное программирование\lr3\mfcactivexcontrol1\mfcactivexcontrol1\debug\mfcactivexcontrol1ctrl.obj
d:\учеба\3 курс\системное программирование\lr3\mfcactivexcontrol1\mfcactivexcontrol1\debug\mfcactivexcontrol1proppage.obj
e:\studies\6 semester\операционные системы и системное программирование\лабораторные\ос-экз\семестр\3. activex\mfcactivexcontrol1\mfcactivexcontrol1\debug\vc141.pdb
e:\studies\6 semester\операционные системы и системное программирование\лабораторные\ос-экз\семестр\3. activex\mfcactivexcontrol1\mfcactivexcontrol1\debug\vc141.idb
d:\учеба\3 курс\системное программирование\lr3\mfcactivexcontrol1\debug\mfcactivexcontrol1.ilk
d:\учеба\3 курс\системное программирование\lr3\mfcactivexcontrol1\debug\mfcactivexcontrol1.ocx
d:\учеба\3 курс\системное программирование\lr3\mfcactivexcontrol1\debug\mfcactivexcontrol1.pdb
d:\учеба\3 курс\системное программирование\lr3\mfcactivexcontrol1\debug\mfcactivexcontrol1.lib
d:\учеба\3 курс\системное программирование\lr3\mfcactivexcontrol1\debug\mfcactivexcontrol1.exp
d:\учеба\3 курс\системное программирование\lr3\mfcactivexcontrol1\mfcactivexcontrol1\debug\mfcactivexcontrol1.tlb
d:\учеба\3 курс\системное программирование\lr3\mfcactivexcontrol1\mfcactivexcontrol1\mfcactivexcontrol1_i.c
d:\учеба\3 курс\системное программирование\lr3\mfcactivexcontrol1\mfcactivexcontrol1\mfcactivexcontrol1idl.h
e:\studies\6 semester\операционные системы и системное программирование\лабораторные\ос-экз\семестр\3. activex\mfcactivexcontrol1\mfcactivexcontrol1\debug\mfcactivexcontrol1.tlb
e:\studies\6 semester\операционные системы и системное программирование\лабораторные\ос-экз\семестр\3. activex\mfcactivexcontrol1\mfcactivexcontrol1\mfcactivexcontrol1_i.c
e:\studies\6 semester\операционные системы и системное программирование\лабораторные\ос-экз\семестр\3. activex\mfcactivexcontrol1\mfcactivexcontrol1\mfcactivexcontrol1idl.h
d:\учеба\3 курс\системное программирование\lr3\mfcactivexcontrol1\mfcactivexcontrol1\debug\mfcactivexcontrol1.res
d:\study\6 sem\os\семестр\3. activex\mfcactivexcontrol1\mfcactivexcontrol1\debug\mfcactivexcontrol1.obj
d:\study\6 sem\os\семестр\3. activex\mfcactivexcontrol1\mfcactivexcontrol1\debug\mfcactivexcontrol1ctrl.obj
d:\study\6 sem\os\семестр\3. activex\mfcactivexcontrol1\mfcactivexcontrol1\debug\mfcactivexcontrol1proppage.obj
d:\study\6 sem\os\семестр\3. activex\mfcactivexcontrol1\mfcactivexcontrol1\debug\mfcactivexcontrol1.tlb
d:\study\6 sem\os\семестр\3. activex\mfcactivexcontrol1\mfcactivexcontrol1\debug\mfcactivexcontrol1.res
d:\study\6 sem\os\семестр\3. activex\mfcactivexcontrol1\mfcactivexcontrol1\debug\vc140.idb
d:\study\6 sem\os\семестр\3. activex\mfcactivexcontrol1\mfcactivexcontrol1\debug\vc141.idb
d:\study\6 sem\os\семестр\3. activex\mfcactivexcontrol1\mfcactivexcontrol1\debug\vc140.pdb
d:\study\6 sem\os\семестр\3. activex\mfcactivexcontrol1\mfcactivexcontrol1\debug\vc141.pdb
d:\study\6 sem\os\семестр\3. activex\mfcactivexcontrol1\debug\mfcactivexcontrol1.pdb
d:\study\6 sem\os\семестр\3. activex\mfcactivexcontrol1\debug\mfcactivexcontrol1.ocx
d:\study\6 sem\os\семестр\3. activex\mfcactivexcontrol1\debug\mfcactivexcontrol1.ilk
d:\study\6 sem\os\семестр\3. activex\mfcactivexcontrol1\mfcactivexcontrol1\debug\mfcactiv.3d53ba2b.tlog\cl.command.1.tlog
d:\study\6 sem\os\семестр\3. activex\mfcactivexcontrol1\mfcactivexcontrol1\debug\mfcactiv.3d53ba2b.tlog\cl.read.1.tlog
d:\study\6 sem\os\семестр\3. activex\mfcactivexcontrol1\mfcactivexcontrol1\debug\mfcactiv.3d53ba2b.tlog\cl.write.1.tlog
d:\study\6 sem\os\семестр\3. activex\mfcactivexcontrol1\mfcactivexcontrol1\debug\mfcactiv.3d53ba2b.tlog\link.command.1.tlog
d:\study\6 sem\os\семестр\3. activex\mfcactivexcontrol1\mfcactivexcontrol1\debug\mfcactiv.3d53ba2b.tlog\link.read.1.tlog
d:\study\6 sem\os\семестр\3. activex\mfcactivexcontrol1\mfcactivexcontrol1\debug\mfcactiv.3d53ba2b.tlog\link.write.1.tlog
d:\study\6 sem\os\семестр\3. activex\mfcactivexcontrol1\mfcactivexcontrol1\debug\mfcactiv.3d53ba2b.tlog\mfcactivexcontrol1.write.1u.tlog
d:\study\6 sem\os\семестр\3. activex\mfcactivexcontrol1\mfcactivexcontrol1\debug\mfcactiv.3d53ba2b.tlog\midl.command.1.tlog
d:\study\6 sem\os\семестр\3. activex\mfcactivexcontrol1\mfcactivexcontrol1\debug\mfcactiv.3d53ba2b.tlog\midl.read.1.tlog
d:\study\6 sem\os\семестр\3. activex\mfcactivexcontrol1\mfcactivexcontrol1\debug\mfcactiv.3d53ba2b.tlog\midl.write.1.tlog
d:\study\6 sem\os\семестр\3. activex\mfcactivexcontrol1\mfcactivexcontrol1\debug\mfcactiv.3d53ba2b.tlog\rc.command.1.tlog
d:\study\6 sem\os\семестр\3. activex\mfcactivexcontrol1\mfcactivexcontrol1\debug\mfcactiv.3d53ba2b.tlog\rc.read.1.tlog
d:\study\6 sem\os\семестр\3. activex\mfcactivexcontrol1\mfcactivexcontrol1\debug\mfcactiv.3d53ba2b.tlog\rc.write.1.tlog
