d:\учеба\3 курс\системное программирование\lr4\excel\excel\debug\excel.pch
d:\учеба\3 курс\системное программирование\lr4\excel\excel\debug\vc140.pdb
d:\учеба\3 курс\системное программирование\lr4\excel\excel\debug\vc140.idb
d:\учеба\3 курс\системное программирование\lr4\excel\excel\debug\stdafx.obj
d:\учеба\3 курс\системное программирование\lr4\excel\excel\debug\dllmain.obj
d:\учеба\3 курс\системное программирование\lr4\excel\excel\debug\excel.obj
d:\учеба\3 курс\системное программирование\lr4\excel\debug\excel.ilk
d:\учеба\3 курс\системное программирование\lr4\excel\debug\excel.dll
d:\учеба\3 курс\системное программирование\lr4\excel\debug\excel.pdb
d:\study\6 sem\os\семестр\4. com + clsid\excel\excel\debug\dllmain.obj
d:\study\6 sem\os\семестр\4. com + clsid\excel\excel\debug\excel.obj
d:\study\6 sem\os\семестр\4. com + clsid\excel\excel\debug\stdafx.obj
d:\study\6 sem\os\семестр\4. com + clsid\excel\excel\debug\excel.pch
d:\study\6 sem\os\семестр\4. com + clsid\excel\excel\debug\vc140.idb
d:\study\6 sem\os\семестр\4. com + clsid\excel\excel\debug\vc140.pdb
d:\study\6 sem\os\семестр\4. com + clsid\excel\debug\excel.pdb
d:\study\6 sem\os\семестр\4. com + clsid\excel\debug\excel.dll
d:\study\6 sem\os\семестр\4. com + clsid\excel\debug\excel.ilk
d:\study\6 sem\os\семестр\4. com + clsid\excel\excel\debug\excel.tlog\cl.command.1.tlog
d:\study\6 sem\os\семестр\4. com + clsid\excel\excel\debug\excel.tlog\cl.read.1.tlog
d:\study\6 sem\os\семестр\4. com + clsid\excel\excel\debug\excel.tlog\cl.write.1.tlog
d:\study\6 sem\os\семестр\4. com + clsid\excel\excel\debug\excel.tlog\link.command.1.tlog
d:\study\6 sem\os\семестр\4. com + clsid\excel\excel\debug\excel.tlog\link.read.1.tlog
d:\study\6 sem\os\семестр\4. com + clsid\excel\excel\debug\excel.tlog\link.write.1.tlog
