  stdafx.cpp
  Dll1.cpp
d:\projects\university\systemprogramming\lab_01\dll1\dll1\dll1.cpp(15): warning C4566: character represented by universal-character-name '\u0412' cannot be represented in the current code page (1252)
d:\projects\university\systemprogramming\lab_01\dll1\dll1\dll1.cpp(15): warning C4566: character represented by universal-character-name '\u0432' cannot be represented in the current code page (1252)
d:\projects\university\systemprogramming\lab_01\dll1\dll1\dll1.cpp(15): warning C4566: character represented by universal-character-name '\u0435' cannot be represented in the current code page (1252)
d:\projects\university\systemprogramming\lab_01\dll1\dll1\dll1.cpp(15): warning C4566: character represented by universal-character-name '\u0434' cannot be represented in the current code page (1252)
d:\projects\university\systemprogramming\lab_01\dll1\dll1\dll1.cpp(15): warning C4566: character represented by universal-character-name '\u0438' cannot be represented in the current code page (1252)
d:\projects\university\systemprogramming\lab_01\dll1\dll1\dll1.cpp(15): warning C4566: character represented by universal-character-name '\u0442' cannot be represented in the current code page (1252)
d:\projects\university\systemprogramming\lab_01\dll1\dll1\dll1.cpp(15): warning C4566: character represented by universal-character-name '\u0441' cannot be represented in the current code page (1252)
d:\projects\university\systemprogramming\lab_01\dll1\dll1\dll1.cpp(15): warning C4566: character represented by universal-character-name '\u0440' cannot be represented in the current code page (1252)
d:\projects\university\systemprogramming\lab_01\dll1\dll1\dll1.cpp(15): warning C4566: character represented by universal-character-name '\u043E' cannot be represented in the current code page (1252)
d:\projects\university\systemprogramming\lab_01\dll1\dll1\dll1.cpp(15): warning C4566: character represented by universal-character-name '\u043A' cannot be represented in the current code page (1252)
d:\projects\university\systemprogramming\lab_01\dll1\dll1\dll1.cpp(15): warning C4566: character represented by universal-character-name '\u0443' cannot be represented in the current code page (1252)
d:\projects\university\systemprogramming\lab_01\dll1\dll1\dll1.cpp(15): warning C4566: character represented by universal-character-name '\u043B' cannot be represented in the current code page (1252)
d:\projects\university\systemprogramming\lab_01\dll1\dll1\dll1.cpp(15): warning C4566: character represented by universal-character-name '\u044F' cannot be represented in the current code page (1252)
d:\projects\university\systemprogramming\lab_01\dll1\dll1\dll1.cpp(15): warning C4566: character represented by universal-character-name '\u0437' cannot be represented in the current code page (1252)
d:\projects\university\systemprogramming\lab_01\dll1\dll1\dll1.cpp(15): warning C4566: character represented by universal-character-name '\u0430' cannot be represented in the current code page (1252)
d:\projects\university\systemprogramming\lab_01\dll1\dll1\dll1.cpp(15): warning C4566: character represented by universal-character-name '\u043F' cannot be represented in the current code page (1252)
d:\projects\university\systemprogramming\lab_01\dll1\dll1\dll1.cpp(15): warning C4566: character represented by universal-character-name '\u0444' cannot be represented in the current code page (1252)
d:\projects\university\systemprogramming\lab_01\dll1\dll1\dll1.cpp(15): warning C4566: character represented by universal-character-name '\u0439' cannot be represented in the current code page (1252)
d:\projects\university\systemprogramming\lab_01\dll1\dll1\dll1.cpp(39): warning C4566: character represented by universal-character-name '\u0432' cannot be represented in the current code page (1252)
d:\projects\university\systemprogramming\lab_01\dll1\dll1\dll1.cpp(39): warning C4566: character represented by universal-character-name '\u0435' cannot be represented in the current code page (1252)
d:\projects\university\systemprogramming\lab_01\dll1\dll1\dll1.cpp(39): warning C4566: character represented by universal-character-name '\u0434' cannot be represented in the current code page (1252)
d:\projects\university\systemprogramming\lab_01\dll1\dll1\dll1.cpp(39): warning C4566: character represented by universal-character-name '\u0438' cannot be represented in the current code page (1252)
d:\projects\university\systemprogramming\lab_01\dll1\dll1\dll1.cpp(39): warning C4566: character represented by universal-character-name '\u0442' cannot be represented in the current code page (1252)
d:\projects\university\systemprogramming\lab_01\dll1\dll1\dll1.cpp(39): warning C4566: character represented by universal-character-name '\u043C' cannot be represented in the current code page (1252)
d:\projects\university\systemprogramming\lab_01\dll1\dll1\dll1.cpp(39): warning C4566: character represented by universal-character-name '\u044F' cannot be represented in the current code page (1252)
d:\projects\university\systemprogramming\lab_01\dll1\dll1\dll1.cpp(39): warning C4566: character represented by universal-character-name '\u0444' cannot be represented in the current code page (1252)
d:\projects\university\systemprogramming\lab_01\dll1\dll1\dll1.cpp(39): warning C4566: character represented by universal-character-name '\u0430' cannot be represented in the current code page (1252)
d:\projects\university\systemprogramming\lab_01\dll1\dll1\dll1.cpp(39): warning C4566: character represented by universal-character-name '\u0439' cannot be represented in the current code page (1252)
d:\projects\university\systemprogramming\lab_01\dll1\dll1\dll1.cpp(39): warning C4566: character represented by universal-character-name '\u043B' cannot be represented in the current code page (1252)
d:\projects\university\systemprogramming\lab_01\dll1\dll1\dll1.cpp(44): warning C4566: character represented by universal-character-name '\u0424' cannot be represented in the current code page (1252)
d:\projects\university\systemprogramming\lab_01\dll1\dll1\dll1.cpp(44): warning C4566: character represented by universal-character-name '\u0430' cannot be represented in the current code page (1252)
d:\projects\university\systemprogramming\lab_01\dll1\dll1\dll1.cpp(44): warning C4566: character represented by universal-character-name '\u0439' cannot be represented in the current code page (1252)
d:\projects\university\systemprogramming\lab_01\dll1\dll1\dll1.cpp(44): warning C4566: character represented by universal-character-name '\u043B' cannot be represented in the current code page (1252)
d:\projects\university\systemprogramming\lab_01\dll1\dll1\dll1.cpp(44): warning C4566: character represented by universal-character-name '\u043D' cannot be represented in the current code page (1252)
d:\projects\university\systemprogramming\lab_01\dll1\dll1\dll1.cpp(44): warning C4566: character represented by universal-character-name '\u0435' cannot be represented in the current code page (1252)
d:\projects\university\systemprogramming\lab_01\dll1\dll1\dll1.cpp(44): warning C4566: character represented by universal-character-name '\u0434' cannot be represented in the current code page (1252)
d:\projects\university\systemprogramming\lab_01\dll1\dll1\dll1.cpp(46): warning C4566: character represented by universal-character-name '\u0424' cannot be represented in the current code page (1252)
d:\projects\university\systemprogramming\lab_01\dll1\dll1\dll1.cpp(46): warning C4566: character represented by universal-character-name '\u0430' cannot be represented in the current code page (1252)
d:\projects\university\systemprogramming\lab_01\dll1\dll1\dll1.cpp(46): warning C4566: character represented by universal-character-name '\u0439' cannot be represented in the current code page (1252)
d:\projects\university\systemprogramming\lab_01\dll1\dll1\dll1.cpp(46): warning C4566: character represented by universal-character-name '\u043B' cannot be represented in the current code page (1252)
d:\projects\university\systemprogramming\lab_01\dll1\dll1\dll1.cpp(46): warning C4566: character represented by universal-character-name '\u0441' cannot be represented in the current code page (1252)
d:\projects\university\systemprogramming\lab_01\dll1\dll1\dll1.cpp(46): warning C4566: character represented by universal-character-name '\u0443' cannot be represented in the current code page (1252)
d:\projects\university\systemprogramming\lab_01\dll1\dll1\dll1.cpp(46): warning C4566: character represented by universal-character-name '\u0449' cannot be represented in the current code page (1252)
d:\projects\university\systemprogramming\lab_01\dll1\dll1\dll1.cpp(46): warning C4566: character represented by universal-character-name '\u0435' cannot be represented in the current code page (1252)
d:\projects\university\systemprogramming\lab_01\dll1\dll1\dll1.cpp(46): warning C4566: character represented by universal-character-name '\u0442' cannot be represented in the current code page (1252)
d:\projects\university\systemprogramming\lab_01\dll1\dll1\dll1.cpp(46): warning C4566: character represented by universal-character-name '\u0432' cannot be represented in the current code page (1252)
  dllmain.cpp
  Generating Code...
     Creating library D:\Projects\University\SystemProgramming\lab_01\Dll1\Debug\Dll1.lib and object D:\Projects\University\SystemProgramming\lab_01\Dll1\Debug\Dll1.exp
  Dll1.vcxproj -> D:\Projects\University\SystemProgramming\lab_01\Dll1\Debug\Dll1.dll
