e:\лабы 6 сем\ос\lab_01\dll1\dll1\debug\dll1.pch
e:\лабы 6 сем\ос\lab_01\dll1\dll1\debug\vc141.pdb
e:\лабы 6 сем\ос\lab_01\dll1\dll1\debug\vc141.idb
e:\лабы 6 сем\ос\lab_01\dll1\dll1\debug\stdafx.obj
e:\лабы 6 сем\ос\lab_01\dll1\dll1\debug\dllmain.obj
e:\лабы 6 сем\ос\lab_01\dll1\dll1\debug\dll1.obj
e:\лабы 6 сем\ос\lab_01\dll1\debug\dll1.lib
e:\лабы 6 сем\ос\lab_01\dll1\debug\dll1.exp
e:\лабы 6 сем\ос\lab_01\dll1\debug\dll1.dll
e:\лабы 6 сем\ос\lab_01\dll1\debug\dll1.ilk
e:\лабы 6 сем\ос\lab_01\dll1\debug\dll1.pdb
d:\projects\university\systemprogramming\lab_01\dll1\dll1\debug\dll1.obj
d:\projects\university\systemprogramming\lab_01\dll1\dll1\debug\dllmain.obj
d:\projects\university\systemprogramming\lab_01\dll1\dll1\debug\stdafx.obj
d:\projects\university\systemprogramming\lab_01\dll1\dll1\debug\dll1.pch
d:\projects\university\systemprogramming\lab_01\dll1\dll1\debug\vc141.idb
d:\projects\university\systemprogramming\lab_01\dll1\dll1\debug\vc141.pdb
d:\projects\university\systemprogramming\lab_01\dll1\debug\dll1.pdb
d:\projects\university\systemprogramming\lab_01\dll1\debug\dll1.dll
d:\projects\university\systemprogramming\lab_01\dll1\debug\dll1.ilk
d:\projects\university\systemprogramming\lab_01\dll1\dll1\debug\dll1.tlog\cl.command.1.tlog
d:\projects\university\systemprogramming\lab_01\dll1\dll1\debug\dll1.tlog\cl.read.1.tlog
d:\projects\university\systemprogramming\lab_01\dll1\dll1\debug\dll1.tlog\cl.write.1.tlog
d:\projects\university\systemprogramming\lab_01\dll1\dll1\debug\dll1.tlog\dll1.write.1u.tlog
d:\projects\university\systemprogramming\lab_01\dll1\dll1\debug\dll1.tlog\link.2744.delete.1.tlog
d:\projects\university\systemprogramming\lab_01\dll1\dll1\debug\dll1.tlog\link.6788.delete.1.tlog
d:\projects\university\systemprogramming\lab_01\dll1\dll1\debug\dll1.tlog\link.7784.delete.1.tlog
d:\projects\university\systemprogramming\lab_01\dll1\dll1\debug\dll1.tlog\link.command.1.tlog
d:\projects\university\systemprogramming\lab_01\dll1\dll1\debug\dll1.tlog\link.delete.1.tlog
d:\projects\university\systemprogramming\lab_01\dll1\dll1\debug\dll1.tlog\link.read.1.tlog
d:\projects\university\systemprogramming\lab_01\dll1\dll1\debug\dll1.tlog\link.write.1.tlog
