e:\лабы 6 сем\ос\lab_01\dll1\windowsproject1\debug\windowsproject1.pch
e:\лабы 6 сем\ос\lab_01\dll1\windowsproject1\debug\vc141.pdb
e:\лабы 6 сем\ос\lab_01\dll1\windowsproject1\debug\vc141.idb
e:\лабы 6 сем\ос\lab_01\dll1\windowsproject1\debug\stdafx.obj
e:\лабы 6 сем\ос\lab_01\dll1\windowsproject1\debug\windowsproject1.obj
c:\users\dmitri\downloads\os\lab_01\dll1\windowsproject1\debug\windowsproject1.pch
c:\users\dmitri\downloads\os\lab_01\dll1\windowsproject1\debug\vc141.pdb
c:\users\dmitri\downloads\os\lab_01\dll1\windowsproject1\debug\vc141.idb
c:\users\dmitri\downloads\os\lab_01\dll1\windowsproject1\debug\stdafx.obj
c:\users\dmitri\downloads\os\lab_01\dll1\windowsproject1\debug\windowsproject1.obj
d:\projects\university\systemprogramming\lab_01\dll1\windowsproject1\debug\windowsproject1.pch
d:\projects\university\systemprogramming\lab_01\dll1\windowsproject1\debug\vc141.pdb
d:\projects\university\systemprogramming\lab_01\dll1\windowsproject1\debug\vc141.idb
d:\projects\university\systemprogramming\lab_01\dll1\windowsproject1\debug\stdafx.obj
d:\projects\university\systemprogramming\lab_01\dll1\windowsproject1\debug\windowsproject1.obj
e:\лабы 6 сем\ос\lab_01\dll1\debug\windowsproject1.exe
e:\лабы 6 сем\ос\lab_01\dll1\debug\windowsproject1.ilk
e:\лабы 6 сем\ос\lab_01\dll1\debug\windowsproject1.pdb
e:\лабы 6 сем\ос\lab_01\dll1\windowsproject1\debug\windowsproject1.res
c:\users\dmitri\downloads\os\lab_01\dll1\windowsproject1\debug\windowsproject1.res
d:\projects\university\systemprogramming\lab_01\dll1\windowsproject1\debug\windowsproject1.res
d:\projects\university\systemprogramming\lab_01\dll1\debug\windowsproject1.pdb
d:\projects\university\systemprogramming\lab_01\dll1\windowsproject1\debug\windowsproject1.tlog\cl.command.1.tlog
d:\projects\university\systemprogramming\lab_01\dll1\windowsproject1\debug\windowsproject1.tlog\cl.read.1.tlog
d:\projects\university\systemprogramming\lab_01\dll1\windowsproject1\debug\windowsproject1.tlog\cl.write.1.tlog
d:\projects\university\systemprogramming\lab_01\dll1\windowsproject1\debug\windowsproject1.tlog\link.command.1.tlog
d:\projects\university\systemprogramming\lab_01\dll1\windowsproject1\debug\windowsproject1.tlog\link.read.1.tlog
d:\projects\university\systemprogramming\lab_01\dll1\windowsproject1\debug\windowsproject1.tlog\link.write.1.tlog
d:\projects\university\systemprogramming\lab_01\dll1\windowsproject1\debug\windowsproject1.tlog\rc.command.1.tlog
d:\projects\university\systemprogramming\lab_01\dll1\windowsproject1\debug\windowsproject1.tlog\rc.read.1.tlog
d:\projects\university\systemprogramming\lab_01\dll1\windowsproject1\debug\windowsproject1.tlog\rc.write.1.tlog
